
*** Running vivado
    with args -log lookup_map_mem.vds -m64 -product Vivado -mode batch -messageDb vivado.pb -notrace -source lookup_map_mem.tcl


****** Vivado v2017.4 (64-bit)
  **** SW Build 2086221 on Fri Dec 15 20:54:30 MST 2017
  **** IP Build 2085800 on Fri Dec 15 22:25:07 MST 2017
    ** Copyright 1986-2017 Xilinx, Inc. All Rights Reserved.

source lookup_map_mem.tcl -notrace
Command: synth_design -top lookup_map_mem -part xc7a35tcsg324-3 -mode out_of_context
Starting synth_design
Attempting to get a license for feature 'Synthesis' and/or device 'xc7a35t'
INFO: [Common 17-349] Got license for feature 'Synthesis' and/or device 'xc7a35t'
INFO: Launching helper process for spawning children vivado processes
INFO: Helper process launched with PID 465 
---------------------------------------------------------------------------------
Starting RTL Elaboration : Time (s): cpu = 00:00:09 ; elapsed = 00:00:15 . Memory (MB): peak = 1362.047 ; gain = 85.000 ; free physical = 3017 ; free virtual = 25953
---------------------------------------------------------------------------------
INFO: [Synth 8-638] synthesizing module 'lookup_map_mem' [/home/lane/work/ubixum/prj/xenecor/src/lib/imager/rtl/ip/lookup_map_mem/synth/lookup_map_mem.vhd:74]
	Parameter C_FAMILY bound to: artix7 - type: string 
	Parameter C_XDEVICEFAMILY bound to: artix7 - type: string 
	Parameter C_ELABORATION_DIR bound to: ./ - type: string 
	Parameter C_INTERFACE_TYPE bound to: 0 - type: integer 
	Parameter C_AXI_TYPE bound to: 1 - type: integer 
	Parameter C_AXI_SLAVE_TYPE bound to: 0 - type: integer 
	Parameter C_USE_BRAM_BLOCK bound to: 0 - type: integer 
	Parameter C_ENABLE_32BIT_ADDRESS bound to: 0 - type: integer 
	Parameter C_CTRL_ECC_ALGO bound to: NONE - type: string 
	Parameter C_HAS_AXI_ID bound to: 0 - type: integer 
	Parameter C_AXI_ID_WIDTH bound to: 4 - type: integer 
	Parameter C_MEM_TYPE bound to: 2 - type: integer 
	Parameter C_BYTE_SIZE bound to: 9 - type: integer 
	Parameter C_ALGORITHM bound to: 1 - type: integer 
	Parameter C_PRIM_TYPE bound to: 1 - type: integer 
	Parameter C_LOAD_INIT_FILE bound to: 0 - type: integer 
	Parameter C_INIT_FILE_NAME bound to: no_coe_file_loaded - type: string 
	Parameter C_INIT_FILE bound to: lookup_map_mem.mem - type: string 
	Parameter C_USE_DEFAULT_DATA bound to: 0 - type: integer 
	Parameter C_DEFAULT_DATA bound to: 0 - type: string 
	Parameter C_HAS_RSTA bound to: 0 - type: integer 
	Parameter C_RST_PRIORITY_A bound to: CE - type: string 
	Parameter C_RSTRAM_A bound to: 0 - type: integer 
	Parameter C_INITA_VAL bound to: 0 - type: string 
	Parameter C_HAS_ENA bound to: 0 - type: integer 
	Parameter C_HAS_REGCEA bound to: 0 - type: integer 
	Parameter C_USE_BYTE_WEA bound to: 0 - type: integer 
	Parameter C_WEA_WIDTH bound to: 1 - type: integer 
	Parameter C_WRITE_MODE_A bound to: READ_FIRST - type: string 
	Parameter C_WRITE_WIDTH_A bound to: 10 - type: integer 
	Parameter C_READ_WIDTH_A bound to: 10 - type: integer 
	Parameter C_WRITE_DEPTH_A bound to: 1024 - type: integer 
	Parameter C_READ_DEPTH_A bound to: 1024 - type: integer 
	Parameter C_ADDRA_WIDTH bound to: 10 - type: integer 
	Parameter C_HAS_RSTB bound to: 0 - type: integer 
	Parameter C_RST_PRIORITY_B bound to: CE - type: string 
	Parameter C_RSTRAM_B bound to: 0 - type: integer 
	Parameter C_INITB_VAL bound to: 0 - type: string 
	Parameter C_HAS_ENB bound to: 0 - type: integer 
	Parameter C_HAS_REGCEB bound to: 0 - type: integer 
	Parameter C_USE_BYTE_WEB bound to: 0 - type: integer 
	Parameter C_WEB_WIDTH bound to: 1 - type: integer 
	Parameter C_WRITE_MODE_B bound to: WRITE_FIRST - type: string 
	Parameter C_WRITE_WIDTH_B bound to: 10 - type: integer 
	Parameter C_READ_WIDTH_B bound to: 10 - type: integer 
	Parameter C_WRITE_DEPTH_B bound to: 1024 - type: integer 
	Parameter C_READ_DEPTH_B bound to: 1024 - type: integer 
	Parameter C_ADDRB_WIDTH bound to: 10 - type: integer 
	Parameter C_HAS_MEM_OUTPUT_REGS_A bound to: 0 - type: integer 
	Parameter C_HAS_MEM_OUTPUT_REGS_B bound to: 0 - type: integer 
	Parameter C_HAS_MUX_OUTPUT_REGS_A bound to: 0 - type: integer 
	Parameter C_HAS_MUX_OUTPUT_REGS_B bound to: 0 - type: integer 
	Parameter C_MUX_PIPELINE_STAGES bound to: 0 - type: integer 
	Parameter C_HAS_SOFTECC_INPUT_REGS_A bound to: 0 - type: integer 
	Parameter C_HAS_SOFTECC_OUTPUT_REGS_B bound to: 0 - type: integer 
	Parameter C_USE_SOFTECC bound to: 0 - type: integer 
	Parameter C_USE_ECC bound to: 0 - type: integer 
	Parameter C_EN_ECC_PIPE bound to: 0 - type: integer 
	Parameter C_HAS_INJECTERR bound to: 0 - type: integer 
	Parameter C_SIM_COLLISION_CHECK bound to: ALL - type: string 
	Parameter C_COMMON_CLK bound to: 0 - type: integer 
	Parameter C_DISABLE_WARN_BHV_COLL bound to: 0 - type: integer 
	Parameter C_EN_SLEEP_PIN bound to: 0 - type: integer 
	Parameter C_USE_URAM bound to: 0 - type: integer 
	Parameter C_EN_RDADDRA_CHG bound to: 0 - type: integer 
	Parameter C_EN_RDADDRB_CHG bound to: 0 - type: integer 
	Parameter C_EN_DEEPSLEEP_PIN bound to: 0 - type: integer 
	Parameter C_EN_SHUTDOWN_PIN bound to: 0 - type: integer 
	Parameter C_EN_SAFETY_CKT bound to: 0 - type: integer 
	Parameter C_DISABLE_WARN_BHV_RANGE bound to: 0 - type: integer 
	Parameter C_COUNT_36K_BRAM bound to: 0 - type: string 
	Parameter C_COUNT_18K_BRAM bound to: 1 - type: string 
	Parameter C_EST_POWER_SUMMARY bound to: Estimated Power for IP     :     2.840499 mW - type: string 
INFO: [Synth 8-3491] module 'blk_mem_gen_v8_4_1' declared at '/home/lane/work/ubixum/prj/xenecor/src/lib/imager/rtl/ip/lookup_map_mem/hdl/blk_mem_gen_v8_4_vhsyn_rfs.vhd:195313' bound to instance 'U0' of component 'blk_mem_gen_v8_4_1' [/home/lane/work/ubixum/prj/xenecor/src/lib/imager/rtl/ip/lookup_map_mem/synth/lookup_map_mem.vhd:243]
INFO: [Synth 8-256] done synthesizing module 'lookup_map_mem' (9#1) [/home/lane/work/ubixum/prj/xenecor/src/lib/imager/rtl/ip/lookup_map_mem/synth/lookup_map_mem.vhd:74]
WARNING: [Synth 8-3331] design blk_mem_gen_prim_wrapper has unconnected port SSRA
WARNING: [Synth 8-3331] design blk_mem_gen_prim_wrapper has unconnected port SSRB
WARNING: [Synth 8-3331] design blk_mem_gen_prim_wrapper has unconnected port SLEEP
WARNING: [Synth 8-3331] design blk_mem_gen_prim_wrapper has unconnected port INJECTSBITERR
WARNING: [Synth 8-3331] design blk_mem_gen_prim_wrapper has unconnected port INJECTDBITERR
WARNING: [Synth 8-3331] design blk_mem_gen_prim_wrapper has unconnected port ECCPIPECE
WARNING: [Synth 8-3331] design blk_mem_gen_generic_cstr has unconnected port REGCEA[0]
WARNING: [Synth 8-3331] design blk_mem_gen_generic_cstr has unconnected port WEA[1]
WARNING: [Synth 8-3331] design blk_mem_gen_generic_cstr has unconnected port REGCEB[0]
WARNING: [Synth 8-3331] design blk_mem_gen_generic_cstr has unconnected port WEB[1]
WARNING: [Synth 8-3331] design blk_mem_gen_generic_cstr has unconnected port INJECTSBITERR
WARNING: [Synth 8-3331] design blk_mem_gen_generic_cstr has unconnected port INJECTDBITERR
WARNING: [Synth 8-3331] design blk_mem_output_block has unconnected port CLKB
WARNING: [Synth 8-3331] design blk_mem_output_block has unconnected port SBITERR_I
WARNING: [Synth 8-3331] design blk_mem_output_block has unconnected port DBITERR_I
WARNING: [Synth 8-3331] design blk_mem_output_block has unconnected port RDADDRECC_I[9]
WARNING: [Synth 8-3331] design blk_mem_output_block has unconnected port RDADDRECC_I[8]
WARNING: [Synth 8-3331] design blk_mem_output_block has unconnected port RDADDRECC_I[7]
WARNING: [Synth 8-3331] design blk_mem_output_block has unconnected port RDADDRECC_I[6]
WARNING: [Synth 8-3331] design blk_mem_output_block has unconnected port RDADDRECC_I[5]
WARNING: [Synth 8-3331] design blk_mem_output_block has unconnected port RDADDRECC_I[4]
WARNING: [Synth 8-3331] design blk_mem_output_block has unconnected port RDADDRECC_I[3]
WARNING: [Synth 8-3331] design blk_mem_output_block has unconnected port RDADDRECC_I[2]
WARNING: [Synth 8-3331] design blk_mem_output_block has unconnected port RDADDRECC_I[1]
WARNING: [Synth 8-3331] design blk_mem_output_block has unconnected port RDADDRECC_I[0]
WARNING: [Synth 8-3331] design blk_mem_input_block has unconnected port RSTA
WARNING: [Synth 8-3331] design blk_mem_input_block has unconnected port ENA
WARNING: [Synth 8-3331] design blk_mem_input_block has unconnected port REGCEA
WARNING: [Synth 8-3331] design blk_mem_input_block has unconnected port RSTB
WARNING: [Synth 8-3331] design blk_mem_input_block has unconnected port ENB
WARNING: [Synth 8-3331] design blk_mem_input_block has unconnected port REGCEB
WARNING: [Synth 8-3331] design blk_mem_input_block has unconnected port INJECTDBITERR
WARNING: [Synth 8-3331] design blk_mem_input_block has unconnected port INJECTSBITERR
WARNING: [Synth 8-3331] design blk_mem_gen_v8_4_1_synth has unconnected port S_AClk
WARNING: [Synth 8-3331] design blk_mem_gen_v8_4_1_synth has unconnected port S_ARESETN
WARNING: [Synth 8-3331] design blk_mem_gen_v8_4_1_synth has unconnected port S_AXI_AWID[3]
WARNING: [Synth 8-3331] design blk_mem_gen_v8_4_1_synth has unconnected port S_AXI_AWID[2]
WARNING: [Synth 8-3331] design blk_mem_gen_v8_4_1_synth has unconnected port S_AXI_AWID[1]
WARNING: [Synth 8-3331] design blk_mem_gen_v8_4_1_synth has unconnected port S_AXI_AWID[0]
WARNING: [Synth 8-3331] design blk_mem_gen_v8_4_1_synth has unconnected port S_AXI_AWADDR[31]
WARNING: [Synth 8-3331] design blk_mem_gen_v8_4_1_synth has unconnected port S_AXI_AWADDR[30]
WARNING: [Synth 8-3331] design blk_mem_gen_v8_4_1_synth has unconnected port S_AXI_AWADDR[29]
WARNING: [Synth 8-3331] design blk_mem_gen_v8_4_1_synth has unconnected port S_AXI_AWADDR[28]
WARNING: [Synth 8-3331] design blk_mem_gen_v8_4_1_synth has unconnected port S_AXI_AWADDR[27]
WARNING: [Synth 8-3331] design blk_mem_gen_v8_4_1_synth has unconnected port S_AXI_AWADDR[26]
WARNING: [Synth 8-3331] design blk_mem_gen_v8_4_1_synth has unconnected port S_AXI_AWADDR[25]
WARNING: [Synth 8-3331] design blk_mem_gen_v8_4_1_synth has unconnected port S_AXI_AWADDR[24]
WARNING: [Synth 8-3331] design blk_mem_gen_v8_4_1_synth has unconnected port S_AXI_AWADDR[23]
WARNING: [Synth 8-3331] design blk_mem_gen_v8_4_1_synth has unconnected port S_AXI_AWADDR[22]
WARNING: [Synth 8-3331] design blk_mem_gen_v8_4_1_synth has unconnected port S_AXI_AWADDR[21]
WARNING: [Synth 8-3331] design blk_mem_gen_v8_4_1_synth has unconnected port S_AXI_AWADDR[20]
WARNING: [Synth 8-3331] design blk_mem_gen_v8_4_1_synth has unconnected port S_AXI_AWADDR[19]
WARNING: [Synth 8-3331] design blk_mem_gen_v8_4_1_synth has unconnected port S_AXI_AWADDR[18]
WARNING: [Synth 8-3331] design blk_mem_gen_v8_4_1_synth has unconnected port S_AXI_AWADDR[17]
WARNING: [Synth 8-3331] design blk_mem_gen_v8_4_1_synth has unconnected port S_AXI_AWADDR[16]
WARNING: [Synth 8-3331] design blk_mem_gen_v8_4_1_synth has unconnected port S_AXI_AWADDR[15]
WARNING: [Synth 8-3331] design blk_mem_gen_v8_4_1_synth has unconnected port S_AXI_AWADDR[14]
WARNING: [Synth 8-3331] design blk_mem_gen_v8_4_1_synth has unconnected port S_AXI_AWADDR[13]
WARNING: [Synth 8-3331] design blk_mem_gen_v8_4_1_synth has unconnected port S_AXI_AWADDR[12]
WARNING: [Synth 8-3331] design blk_mem_gen_v8_4_1_synth has unconnected port S_AXI_AWADDR[11]
WARNING: [Synth 8-3331] design blk_mem_gen_v8_4_1_synth has unconnected port S_AXI_AWADDR[10]
WARNING: [Synth 8-3331] design blk_mem_gen_v8_4_1_synth has unconnected port S_AXI_AWADDR[9]
WARNING: [Synth 8-3331] design blk_mem_gen_v8_4_1_synth has unconnected port S_AXI_AWADDR[8]
WARNING: [Synth 8-3331] design blk_mem_gen_v8_4_1_synth has unconnected port S_AXI_AWADDR[7]
WARNING: [Synth 8-3331] design blk_mem_gen_v8_4_1_synth has unconnected port S_AXI_AWADDR[6]
WARNING: [Synth 8-3331] design blk_mem_gen_v8_4_1_synth has unconnected port S_AXI_AWADDR[5]
WARNING: [Synth 8-3331] design blk_mem_gen_v8_4_1_synth has unconnected port S_AXI_AWADDR[4]
WARNING: [Synth 8-3331] design blk_mem_gen_v8_4_1_synth has unconnected port S_AXI_AWADDR[3]
WARNING: [Synth 8-3331] design blk_mem_gen_v8_4_1_synth has unconnected port S_AXI_AWADDR[2]
WARNING: [Synth 8-3331] design blk_mem_gen_v8_4_1_synth has unconnected port S_AXI_AWADDR[1]
WARNING: [Synth 8-3331] design blk_mem_gen_v8_4_1_synth has unconnected port S_AXI_AWADDR[0]
WARNING: [Synth 8-3331] design blk_mem_gen_v8_4_1_synth has unconnected port S_AXI_AWLEN[7]
WARNING: [Synth 8-3331] design blk_mem_gen_v8_4_1_synth has unconnected port S_AXI_AWLEN[6]
WARNING: [Synth 8-3331] design blk_mem_gen_v8_4_1_synth has unconnected port S_AXI_AWLEN[5]
WARNING: [Synth 8-3331] design blk_mem_gen_v8_4_1_synth has unconnected port S_AXI_AWLEN[4]
WARNING: [Synth 8-3331] design blk_mem_gen_v8_4_1_synth has unconnected port S_AXI_AWLEN[3]
WARNING: [Synth 8-3331] design blk_mem_gen_v8_4_1_synth has unconnected port S_AXI_AWLEN[2]
WARNING: [Synth 8-3331] design blk_mem_gen_v8_4_1_synth has unconnected port S_AXI_AWLEN[1]
WARNING: [Synth 8-3331] design blk_mem_gen_v8_4_1_synth has unconnected port S_AXI_AWLEN[0]
WARNING: [Synth 8-3331] design blk_mem_gen_v8_4_1_synth has unconnected port S_AXI_AWSIZE[2]
WARNING: [Synth 8-3331] design blk_mem_gen_v8_4_1_synth has unconnected port S_AXI_AWSIZE[1]
WARNING: [Synth 8-3331] design blk_mem_gen_v8_4_1_synth has unconnected port S_AXI_AWSIZE[0]
WARNING: [Synth 8-3331] design blk_mem_gen_v8_4_1_synth has unconnected port S_AXI_AWBURST[1]
WARNING: [Synth 8-3331] design blk_mem_gen_v8_4_1_synth has unconnected port S_AXI_AWBURST[0]
WARNING: [Synth 8-3331] design blk_mem_gen_v8_4_1_synth has unconnected port S_AXI_AWVALID
WARNING: [Synth 8-3331] design blk_mem_gen_v8_4_1_synth has unconnected port S_AXI_WDATA[9]
WARNING: [Synth 8-3331] design blk_mem_gen_v8_4_1_synth has unconnected port S_AXI_WDATA[8]
WARNING: [Synth 8-3331] design blk_mem_gen_v8_4_1_synth has unconnected port S_AXI_WDATA[7]
WARNING: [Synth 8-3331] design blk_mem_gen_v8_4_1_synth has unconnected port S_AXI_WDATA[6]
WARNING: [Synth 8-3331] design blk_mem_gen_v8_4_1_synth has unconnected port S_AXI_WDATA[5]
WARNING: [Synth 8-3331] design blk_mem_gen_v8_4_1_synth has unconnected port S_AXI_WDATA[4]
WARNING: [Synth 8-3331] design blk_mem_gen_v8_4_1_synth has unconnected port S_AXI_WDATA[3]
WARNING: [Synth 8-3331] design blk_mem_gen_v8_4_1_synth has unconnected port S_AXI_WDATA[2]
WARNING: [Synth 8-3331] design blk_mem_gen_v8_4_1_synth has unconnected port S_AXI_WDATA[1]
WARNING: [Synth 8-3331] design blk_mem_gen_v8_4_1_synth has unconnected port S_AXI_WDATA[0]
WARNING: [Synth 8-3331] design blk_mem_gen_v8_4_1_synth has unconnected port S_AXI_WSTRB[0]
WARNING: [Synth 8-3331] design blk_mem_gen_v8_4_1_synth has unconnected port S_AXI_WLAST
WARNING: [Synth 8-3331] design blk_mem_gen_v8_4_1_synth has unconnected port S_AXI_WVALID
WARNING: [Synth 8-3331] design blk_mem_gen_v8_4_1_synth has unconnected port S_AXI_BREADY
WARNING: [Synth 8-3331] design blk_mem_gen_v8_4_1_synth has unconnected port S_AXI_ARID[3]
INFO: [Common 17-14] Message 'Synth 8-3331' appears 100 times and further instances of the messages will be disabled. Use the Tcl command set_msg_config to change the current settings.
---------------------------------------------------------------------------------
Finished RTL Elaboration : Time (s): cpu = 00:01:07 ; elapsed = 00:01:18 . Memory (MB): peak = 1565.195 ; gain = 288.148 ; free physical = 2698 ; free virtual = 25634
---------------------------------------------------------------------------------

Report Check Netlist: 
+------+------------------+-------+---------+-------+------------------+
|      |Item              |Errors |Warnings |Status |Description       |
+------+------------------+-------+---------+-------+------------------+
|1     |multi_driven_nets |      0|        0|Passed |Multi driven nets |
+------+------------------+-------+---------+-------+------------------+
---------------------------------------------------------------------------------
Finished RTL Optimization Phase 1 : Time (s): cpu = 00:01:07 ; elapsed = 00:01:18 . Memory (MB): peak = 1565.195 ; gain = 288.148 ; free physical = 2693 ; free virtual = 25629
---------------------------------------------------------------------------------
INFO: [Netlist 29-17] Analyzing 1 Unisim elements for replacement
INFO: [Netlist 29-28] Unisim Transformation completed in 0 CPU seconds
INFO: [Device 21-403] Loading part xc7a35tcsg324-3
INFO: [Project 1-570] Preparing netlist for logic optimization

Processing XDC Constraints
Initializing timing engine
Parsing XDC File [/home/lane/work/ubixum/prj/xenecor/src/lib/imager/rtl/ip/lookup_map_mem/lookup_map_mem_ooc.xdc] for cell 'U0'
Finished Parsing XDC File [/home/lane/work/ubixum/prj/xenecor/src/lib/imager/rtl/ip/lookup_map_mem/lookup_map_mem_ooc.xdc] for cell 'U0'
Parsing XDC File [/home/lane/work/ubixum/prj/xenecor/src/lib/imager/rtl/ip/managed_ip_project/managed_ip_project.runs/lookup_map_mem_synth_1/dont_touch.xdc]
Finished Parsing XDC File [/home/lane/work/ubixum/prj/xenecor/src/lib/imager/rtl/ip/managed_ip_project/managed_ip_project.runs/lookup_map_mem_synth_1/dont_touch.xdc]
Completed Processing XDC Constraints

INFO: [Project 1-111] Unisim Transformation Summary:
No Unisim elements were transformed.

Constraint Validation Runtime : Time (s): cpu = 00:00:00 ; elapsed = 00:00:00 . Memory (MB): peak = 1681.234 ; gain = 0.000 ; free physical = 2737 ; free virtual = 25668
---------------------------------------------------------------------------------
Finished Constraint Validation : Time (s): cpu = 00:01:20 ; elapsed = 00:01:40 . Memory (MB): peak = 1681.234 ; gain = 404.188 ; free physical = 2836 ; free virtual = 25767
---------------------------------------------------------------------------------
---------------------------------------------------------------------------------
Start Loading Part and Timing Information
---------------------------------------------------------------------------------
Loading part: xc7a35tcsg324-3
---------------------------------------------------------------------------------
Finished Loading Part and Timing Information : Time (s): cpu = 00:01:20 ; elapsed = 00:01:40 . Memory (MB): peak = 1681.234 ; gain = 404.188 ; free physical = 2836 ; free virtual = 25767
---------------------------------------------------------------------------------
---------------------------------------------------------------------------------
Start Applying 'set_property' XDC Constraints
---------------------------------------------------------------------------------
Applied set_property DONT_TOUCH = true for U0. (constraint file  /home/lane/work/ubixum/prj/xenecor/src/lib/imager/rtl/ip/managed_ip_project/managed_ip_project.runs/lookup_map_mem_synth_1/dont_touch.xdc, line 9).
---------------------------------------------------------------------------------
Finished applying 'set_property' XDC Constraints : Time (s): cpu = 00:01:20 ; elapsed = 00:01:40 . Memory (MB): peak = 1681.234 ; gain = 404.188 ; free physical = 2835 ; free virtual = 25767
---------------------------------------------------------------------------------
---------------------------------------------------------------------------------
Finished RTL Optimization Phase 2 : Time (s): cpu = 00:01:20 ; elapsed = 00:01:40 . Memory (MB): peak = 1681.234 ; gain = 404.188 ; free physical = 2823 ; free virtual = 25754
---------------------------------------------------------------------------------

Report RTL Partitions: 
+-+--------------+------------+----------+
| |RTL Partition |Replication |Instances |
+-+--------------+------------+----------+
+-+--------------+------------+----------+
---------------------------------------------------------------------------------
Start RTL Component Statistics 
---------------------------------------------------------------------------------
Detailed RTL Component Info : 
---------------------------------------------------------------------------------
Finished RTL Component Statistics 
---------------------------------------------------------------------------------
---------------------------------------------------------------------------------
Start RTL Hierarchical Component Statistics 
---------------------------------------------------------------------------------
Hierarchical RTL Component report 
---------------------------------------------------------------------------------
Finished RTL Hierarchical Component Statistics
---------------------------------------------------------------------------------
---------------------------------------------------------------------------------
Start Part Resource Summary
---------------------------------------------------------------------------------
Part Resources:
DSPs: 90 (col length:60)
BRAMs: 100 (col length: RAMB18 60 RAMB36 30)
---------------------------------------------------------------------------------
Finished Part Resource Summary
---------------------------------------------------------------------------------
---------------------------------------------------------------------------------
Start Cross Boundary and Area Optimization
---------------------------------------------------------------------------------
---------------------------------------------------------------------------------
Finished Cross Boundary and Area Optimization : Time (s): cpu = 00:01:20 ; elapsed = 00:01:40 . Memory (MB): peak = 1681.234 ; gain = 404.188 ; free physical = 2796 ; free virtual = 25728
---------------------------------------------------------------------------------

Report RTL Partitions: 
+-+--------------+------------+----------+
| |RTL Partition |Replication |Instances |
+-+--------------+------------+----------+
+-+--------------+------------+----------+
---------------------------------------------------------------------------------
Start Applying XDC Timing Constraints
---------------------------------------------------------------------------------
---------------------------------------------------------------------------------
Finished Applying XDC Timing Constraints : Time (s): cpu = 00:01:26 ; elapsed = 00:01:48 . Memory (MB): peak = 1686.219 ; gain = 409.172 ; free physical = 2612 ; free virtual = 25544
---------------------------------------------------------------------------------
---------------------------------------------------------------------------------
Start Timing Optimization
---------------------------------------------------------------------------------
---------------------------------------------------------------------------------
Finished Timing Optimization : Time (s): cpu = 00:01:26 ; elapsed = 00:01:48 . Memory (MB): peak = 1686.219 ; gain = 409.172 ; free physical = 2612 ; free virtual = 25543
---------------------------------------------------------------------------------

Report RTL Partitions: 
+-+--------------+------------+----------+
| |RTL Partition |Replication |Instances |
+-+--------------+------------+----------+
+-+--------------+------------+----------+
---------------------------------------------------------------------------------
Start Technology Mapping
---------------------------------------------------------------------------------
---------------------------------------------------------------------------------
Finished Technology Mapping : Time (s): cpu = 00:01:26 ; elapsed = 00:01:48 . Memory (MB): peak = 1695.234 ; gain = 418.188 ; free physical = 2611 ; free virtual = 25543
---------------------------------------------------------------------------------

Report RTL Partitions: 
+-+--------------+------------+----------+
| |RTL Partition |Replication |Instances |
+-+--------------+------------+----------+
+-+--------------+------------+----------+
---------------------------------------------------------------------------------
Start IO Insertion
---------------------------------------------------------------------------------
---------------------------------------------------------------------------------
Start Flattening Before IO Insertion
---------------------------------------------------------------------------------
---------------------------------------------------------------------------------
Finished Flattening Before IO Insertion
---------------------------------------------------------------------------------
---------------------------------------------------------------------------------
Start Final Netlist Cleanup
---------------------------------------------------------------------------------
---------------------------------------------------------------------------------
Finished Final Netlist Cleanup
---------------------------------------------------------------------------------
---------------------------------------------------------------------------------
Finished IO Insertion : Time (s): cpu = 00:01:26 ; elapsed = 00:01:48 . Memory (MB): peak = 1695.234 ; gain = 418.188 ; free physical = 2610 ; free virtual = 25541
---------------------------------------------------------------------------------

Report Check Netlist: 
+------+------------------+-------+---------+-------+------------------+
|      |Item              |Errors |Warnings |Status |Description       |
+------+------------------+-------+---------+-------+------------------+
|1     |multi_driven_nets |      0|        0|Passed |Multi driven nets |
+------+------------------+-------+---------+-------+------------------+
---------------------------------------------------------------------------------
Start Renaming Generated Instances
---------------------------------------------------------------------------------
---------------------------------------------------------------------------------
Finished Renaming Generated Instances : Time (s): cpu = 00:01:26 ; elapsed = 00:01:48 . Memory (MB): peak = 1695.234 ; gain = 418.188 ; free physical = 2610 ; free virtual = 25541
---------------------------------------------------------------------------------

Report RTL Partitions: 
+-+--------------+------------+----------+
| |RTL Partition |Replication |Instances |
+-+--------------+------------+----------+
+-+--------------+------------+----------+
---------------------------------------------------------------------------------
Start Rebuilding User Hierarchy
---------------------------------------------------------------------------------
---------------------------------------------------------------------------------
Finished Rebuilding User Hierarchy : Time (s): cpu = 00:01:26 ; elapsed = 00:01:48 . Memory (MB): peak = 1695.234 ; gain = 418.188 ; free physical = 2610 ; free virtual = 25541
---------------------------------------------------------------------------------
---------------------------------------------------------------------------------
Start Renaming Generated Ports
---------------------------------------------------------------------------------
---------------------------------------------------------------------------------
Finished Renaming Generated Ports : Time (s): cpu = 00:01:26 ; elapsed = 00:01:48 . Memory (MB): peak = 1695.234 ; gain = 418.188 ; free physical = 2610 ; free virtual = 25541
---------------------------------------------------------------------------------
---------------------------------------------------------------------------------
Start Handling Custom Attributes
---------------------------------------------------------------------------------
---------------------------------------------------------------------------------
Finished Handling Custom Attributes : Time (s): cpu = 00:01:26 ; elapsed = 00:01:48 . Memory (MB): peak = 1695.234 ; gain = 418.188 ; free physical = 2610 ; free virtual = 25541
---------------------------------------------------------------------------------
---------------------------------------------------------------------------------
Start Renaming Generated Nets
---------------------------------------------------------------------------------
---------------------------------------------------------------------------------
Finished Renaming Generated Nets : Time (s): cpu = 00:01:26 ; elapsed = 00:01:48 . Memory (MB): peak = 1695.234 ; gain = 418.188 ; free physical = 2610 ; free virtual = 25541
---------------------------------------------------------------------------------
---------------------------------------------------------------------------------
Start Writing Synthesis Report
---------------------------------------------------------------------------------

Report BlackBoxes: 
+-+--------------+----------+
| |BlackBox name |Instances |
+-+--------------+----------+
+-+--------------+----------+

Report Cell Usage: 
+------+---------+------+
|      |Cell     |Count |
+------+---------+------+
|1     |RAMB18E1 |     1|
+------+---------+------+

Report Instance Areas: 
+------+---------------------------------------------+-------------------------+------+
|      |Instance                                     |Module                   |Cells |
+------+---------------------------------------------+-------------------------+------+
|1     |top                                          |                         |     1|
|2     |  U0                                         |blk_mem_gen_v8_4_1       |     1|
|3     |    inst_blk_mem_gen                         |blk_mem_gen_v8_4_1_synth |     1|
|4     |      \gnbram.gnativebmg.native_blk_mem_gen  |blk_mem_gen_top          |     1|
|5     |        \valid.cstr                          |blk_mem_gen_generic_cstr |     1|
|6     |          \ramloop[0].ram.r                  |blk_mem_gen_prim_width   |     1|
|7     |            \prim_noinit.ram                 |blk_mem_gen_prim_wrapper |     1|
+------+---------------------------------------------+-------------------------+------+
---------------------------------------------------------------------------------
Finished Writing Synthesis Report : Time (s): cpu = 00:01:26 ; elapsed = 00:01:48 . Memory (MB): peak = 1695.234 ; gain = 418.188 ; free physical = 2610 ; free virtual = 25541
---------------------------------------------------------------------------------
Synthesis finished with 0 errors, 0 critical warnings and 131 warnings.
Synthesis Optimization Runtime : Time (s): cpu = 00:01:20 ; elapsed = 00:01:33 . Memory (MB): peak = 1695.234 ; gain = 302.148 ; free physical = 2664 ; free virtual = 25595
Synthesis Optimization Complete : Time (s): cpu = 00:01:26 ; elapsed = 00:01:48 . Memory (MB): peak = 1695.242 ; gain = 418.188 ; free physical = 2664 ; free virtual = 25595
INFO: [Project 1-571] Translating synthesized netlist
INFO: [Netlist 29-17] Analyzing 1 Unisim elements for replacement
INFO: [Netlist 29-28] Unisim Transformation completed in 0 CPU seconds
INFO: [Project 1-570] Preparing netlist for logic optimization
INFO: [Opt 31-138] Pushed 0 inverter(s) to 0 load pin(s).
INFO: [Project 1-111] Unisim Transformation Summary:
No Unisim elements were transformed.

INFO: [Common 17-83] Releasing license: Synthesis
17 Infos, 100 Warnings, 0 Critical Warnings and 0 Errors encountered.
synth_design completed successfully
synth_design: Time (s): cpu = 00:01:28 ; elapsed = 00:01:49 . Memory (MB): peak = 1701.234 ; gain = 443.285 ; free physical = 2660 ; free virtual = 25591
INFO: [Common 17-1381] The checkpoint '/home/lane/work/ubixum/prj/xenecor/src/lib/imager/rtl/ip/managed_ip_project/managed_ip_project.runs/lookup_map_mem_synth_1/lookup_map_mem.dcp' has been generated.
